<?xml version="1.0" encoding="UTF-8"?>
<!-- Generated by org.testng.reporters.JUnitReportReporter -->
<testsuite hostname="LAPTOP-S2T3SKRF" failures="0" tests="1" name="TestNG.NewTest" time="0.010" errors="0" timestamp="2023-04-01T19:39:04 IST" skipped="0">
  <testcase classname="TestNG.NewTest" name="method" time="0.010"/>
  <system-out/>
</testsuite> <!-- TestNG.NewTest -->
