<?xml version="1.0" encoding="UTF-8"?>
<!-- Generated by org.testng.reporters.JUnitReportReporter -->
<testsuite hostname="LAPTOP-S2T3SKRF" failures="0" tests="4" name="DataProvider.Facebook" time="74.866" errors="0" timestamp="2023-05-28T12:45:45 IST" skipped="0">
  <testcase classname="DataProvider.Facebook" name="verifylogin" time="25.320"/>
  <system-out/>
  <testcase classname="DataProvider.Facebook" name="verifylogin" time="13.580"/>
  <system-out/>
  <testcase classname="DataProvider.Facebook" name="verifylogin" time="24.307"/>
  <system-out/>
  <testcase classname="DataProvider.Facebook" name="verifylogin" time="11.659"/>
  <system-out/>
</testsuite> <!-- DataProvider.Facebook -->
