<?xml version="1.0" encoding="UTF-8"?>
<!-- Generated by org.testng.reporters.JUnitReportReporter -->
<testsuite hostname="LAPTOP-S2T3SKRF" failures="0" tests="1" name="TestNG.NewTest236" time="4.682" errors="0" timestamp="2023-07-06T22:31:34 IST" skipped="0">
  <testcase classname="TestNG.NewTest236" name="f" time="4.682"/>
  <system-out/>
</testsuite> <!-- TestNG.NewTest236 -->
