<?xml version="1.0" encoding="UTF-8"?>
<!-- Generated by org.testng.reporters.JUnitReportReporter -->
<testsuite hostname="LAPTOP-S2T3SKRF" failures="0" tests="1" name="TestNG.Orange_H_R_M" time="6.022" errors="0" timestamp="2023-07-09T23:17:27 IST" skipped="0">
  <testcase classname="TestNG.Orange_H_R_M" name="login" time="6.022"/>
  <system-out/>
</testsuite> <!-- TestNG.Orange_H_R_M -->
